e:\wang\代码\c语言二维码\libqrencode-master\lpng1615\projects\vstudio\debug\zlib.bsc
e:\wang\代码\c语言二维码\libqrencode-master\lpng1615\projects\vstudio\zlib\debug\zlib.pdb
e:\wang\代码\c语言二维码\libqrencode-master\lpng1615\projects\vstudio\zlib\debug\adler32.sbr
e:\wang\代码\c语言二维码\libqrencode-master\lpng1615\projects\vstudio\zlib\debug\compress.sbr
e:\wang\代码\c语言二维码\libqrencode-master\lpng1615\projects\vstudio\zlib\debug\crc32.sbr
e:\wang\代码\c语言二维码\libqrencode-master\lpng1615\projects\vstudio\zlib\debug\deflate.sbr
e:\wang\代码\c语言二维码\libqrencode-master\lpng1615\projects\vstudio\zlib\debug\infback.sbr
e:\wang\代码\c语言二维码\libqrencode-master\lpng1615\projects\vstudio\zlib\debug\inffast.sbr
e:\wang\代码\c语言二维码\libqrencode-master\lpng1615\projects\vstudio\zlib\debug\inflate.sbr
e:\wang\代码\c语言二维码\libqrencode-master\lpng1615\projects\vstudio\zlib\debug\inftrees.sbr
e:\wang\代码\c语言二维码\libqrencode-master\lpng1615\projects\vstudio\zlib\debug\trees.sbr
e:\wang\代码\c语言二维码\libqrencode-master\lpng1615\projects\vstudio\zlib\debug\uncompr.sbr
e:\wang\代码\c语言二维码\libqrencode-master\lpng1615\projects\vstudio\zlib\debug\zutil.sbr
e:\wang\代码\c语言二维码\libqrencode-master\lpng1615\projects\vstudio\zlib\debug\zutil.obj
e:\wang\代码\c语言二维码\libqrencode-master\lpng1615\projects\vstudio\zlib\debug\uncompr.obj
e:\wang\代码\c语言二维码\libqrencode-master\lpng1615\projects\vstudio\zlib\debug\trees.obj
e:\wang\代码\c语言二维码\libqrencode-master\lpng1615\projects\vstudio\zlib\debug\inftrees.obj
e:\wang\代码\c语言二维码\libqrencode-master\lpng1615\projects\vstudio\zlib\debug\inflate.obj
e:\wang\代码\c语言二维码\libqrencode-master\lpng1615\projects\vstudio\zlib\debug\inffast.obj
e:\wang\代码\c语言二维码\libqrencode-master\lpng1615\projects\vstudio\zlib\debug\infback.obj
e:\wang\代码\c语言二维码\libqrencode-master\lpng1615\projects\vstudio\zlib\debug\deflate.obj
e:\wang\代码\c语言二维码\libqrencode-master\lpng1615\projects\vstudio\zlib\debug\crc32.obj
e:\wang\代码\c语言二维码\libqrencode-master\lpng1615\projects\vstudio\zlib\debug\compress.obj
e:\wang\代码\c语言二维码\libqrencode-master\lpng1615\projects\vstudio\zlib\debug\adler32.obj
e:\wang\代码\c语言二维码\libqrencode-master\lpng1615\projects\vstudio\debug\zlib.lib
e:\wang\代码\c语言二维码\libqrencode-master\lpng1615\projects\vstudio\debug\zlib.pdb
e:\wang\代码\c语言二维码\libqrencode-master\lpng1615\projects\vstudio\zlib\debug\zlib.tlog\bscmake.command.1.tlog
e:\wang\代码\c语言二维码\libqrencode-master\lpng1615\projects\vstudio\zlib\debug\zlib.tlog\bscmake.read.1.tlog
e:\wang\代码\c语言二维码\libqrencode-master\lpng1615\projects\vstudio\zlib\debug\zlib.tlog\bscmake.write.1.tlog
e:\wang\代码\c语言二维码\libqrencode-master\lpng1615\projects\vstudio\zlib\debug\zlib.tlog\cl.command.1.tlog
e:\wang\代码\c语言二维码\libqrencode-master\lpng1615\projects\vstudio\zlib\debug\zlib.tlog\cl.read.1.tlog
e:\wang\代码\c语言二维码\libqrencode-master\lpng1615\projects\vstudio\zlib\debug\zlib.tlog\cl.write.1.tlog
e:\wang\代码\c语言二维码\libqrencode-master\lpng1615\projects\vstudio\zlib\debug\zlib.tlog\lib-link.read.1.tlog
e:\wang\代码\c语言二维码\libqrencode-master\lpng1615\projects\vstudio\zlib\debug\zlib.tlog\lib-link.write.1.tlog
e:\wang\代码\c语言二维码\libqrencode-master\lpng1615\projects\vstudio\zlib\debug\zlib.tlog\lib.command.1.tlog
