e:\wang\代码\c语言二维码\libqrencode-master\lpng1615\projects\vstudio\debug\libpng16.bsc
e:\wang\代码\c语言二维码\libqrencode-master\lpng1615\projects\vstudio\libpng\debug\libpng16.pch
e:\wang\代码\c语言二维码\libqrencode-master\lpng1615\projects\vstudio\libpng\debug\vc140.pdb
e:\wang\代码\c语言二维码\libqrencode-master\lpng1615\projects\vstudio\libpng\debug\png.sbr
e:\wang\代码\c语言二维码\libqrencode-master\lpng1615\projects\vstudio\libpng\debug\png.obj
e:\wang\代码\c语言二维码\libqrencode-master\lpng1615\projects\vstudio\libpng\debug\pngerror.sbr
e:\wang\代码\c语言二维码\libqrencode-master\lpng1615\projects\vstudio\libpng\debug\pngget.sbr
e:\wang\代码\c语言二维码\libqrencode-master\lpng1615\projects\vstudio\libpng\debug\pngmem.sbr
e:\wang\代码\c语言二维码\libqrencode-master\lpng1615\projects\vstudio\libpng\debug\pngpread.sbr
e:\wang\代码\c语言二维码\libqrencode-master\lpng1615\projects\vstudio\libpng\debug\pngread.sbr
e:\wang\代码\c语言二维码\libqrencode-master\lpng1615\projects\vstudio\libpng\debug\pngrio.sbr
e:\wang\代码\c语言二维码\libqrencode-master\lpng1615\projects\vstudio\libpng\debug\pngrtran.sbr
e:\wang\代码\c语言二维码\libqrencode-master\lpng1615\projects\vstudio\libpng\debug\pngrutil.sbr
e:\wang\代码\c语言二维码\libqrencode-master\lpng1615\projects\vstudio\libpng\debug\pngset.sbr
e:\wang\代码\c语言二维码\libqrencode-master\lpng1615\projects\vstudio\libpng\debug\pngtrans.sbr
e:\wang\代码\c语言二维码\libqrencode-master\lpng1615\projects\vstudio\libpng\debug\pngwio.sbr
e:\wang\代码\c语言二维码\libqrencode-master\lpng1615\projects\vstudio\libpng\debug\pngwrite.sbr
e:\wang\代码\c语言二维码\libqrencode-master\lpng1615\projects\vstudio\libpng\debug\pngwtran.sbr
e:\wang\代码\c语言二维码\libqrencode-master\lpng1615\projects\vstudio\libpng\debug\pngwutil.sbr
e:\wang\代码\c语言二维码\libqrencode-master\lpng1615\projects\vstudio\libpng\debug\pngwutil.obj
e:\wang\代码\c语言二维码\libqrencode-master\lpng1615\projects\vstudio\libpng\debug\pngwtran.obj
e:\wang\代码\c语言二维码\libqrencode-master\lpng1615\projects\vstudio\libpng\debug\pngwrite.obj
e:\wang\代码\c语言二维码\libqrencode-master\lpng1615\projects\vstudio\libpng\debug\pngwio.obj
e:\wang\代码\c语言二维码\libqrencode-master\lpng1615\projects\vstudio\libpng\debug\pngtrans.obj
e:\wang\代码\c语言二维码\libqrencode-master\lpng1615\projects\vstudio\libpng\debug\pngset.obj
e:\wang\代码\c语言二维码\libqrencode-master\lpng1615\projects\vstudio\libpng\debug\pngrutil.obj
e:\wang\代码\c语言二维码\libqrencode-master\lpng1615\projects\vstudio\libpng\debug\pngrtran.obj
e:\wang\代码\c语言二维码\libqrencode-master\lpng1615\projects\vstudio\libpng\debug\pngrio.obj
e:\wang\代码\c语言二维码\libqrencode-master\lpng1615\projects\vstudio\libpng\debug\pngread.obj
e:\wang\代码\c语言二维码\libqrencode-master\lpng1615\projects\vstudio\libpng\debug\pngpread.obj
e:\wang\代码\c语言二维码\libqrencode-master\lpng1615\projects\vstudio\libpng\debug\pngmem.obj
e:\wang\代码\c语言二维码\libqrencode-master\lpng1615\projects\vstudio\libpng\debug\pngget.obj
e:\wang\代码\c语言二维码\libqrencode-master\lpng1615\projects\vstudio\libpng\debug\pngerror.obj
e:\wang\代码\c语言二维码\libqrencode-master\lpng1615\projects\vstudio\debug\libpng16.lib
e:\wang\代码\c语言二维码\libqrencode-master\lpng1615\projects\vstudio\debug\libpng16.exp
e:\wang\代码\c语言二维码\libqrencode-master\lpng1615\projects\vstudio\debug\libpng16.dll
e:\wang\代码\c语言二维码\libqrencode-master\lpng1615\projects\vstudio\debug\libpng16.ipdb
e:\wang\代码\c语言二维码\libqrencode-master\lpng1615\projects\vstudio\debug\libpng16.iobj
e:\wang\代码\c语言二维码\libqrencode-master\lpng1615\projects\vstudio\debug\libpng16.pdb
e:\wang\代码\c语言二维码\libqrencode-master\lpng1615\projects\vstudio\libpng\debug\pngwin.res
e:\wang\代码\c语言二维码\libqrencode-master\lpng1615\projects\vstudio\libpng\debug\libpng.tlog\bscmake.command.1.tlog
e:\wang\代码\c语言二维码\libqrencode-master\lpng1615\projects\vstudio\libpng\debug\libpng.tlog\bscmake.read.1.tlog
e:\wang\代码\c语言二维码\libqrencode-master\lpng1615\projects\vstudio\libpng\debug\libpng.tlog\bscmake.write.1.tlog
e:\wang\代码\c语言二维码\libqrencode-master\lpng1615\projects\vstudio\libpng\debug\libpng.tlog\cl.command.1.tlog
e:\wang\代码\c语言二维码\libqrencode-master\lpng1615\projects\vstudio\libpng\debug\libpng.tlog\cl.read.1.tlog
e:\wang\代码\c语言二维码\libqrencode-master\lpng1615\projects\vstudio\libpng\debug\libpng.tlog\cl.write.1.tlog
e:\wang\代码\c语言二维码\libqrencode-master\lpng1615\projects\vstudio\libpng\debug\libpng.tlog\libpng.write.1u.tlog
e:\wang\代码\c语言二维码\libqrencode-master\lpng1615\projects\vstudio\libpng\debug\libpng.tlog\link.command.1.tlog
e:\wang\代码\c语言二维码\libqrencode-master\lpng1615\projects\vstudio\libpng\debug\libpng.tlog\link.read.1.tlog
e:\wang\代码\c语言二维码\libqrencode-master\lpng1615\projects\vstudio\libpng\debug\libpng.tlog\link.write.1.tlog
e:\wang\代码\c语言二维码\libqrencode-master\lpng1615\projects\vstudio\libpng\debug\libpng.tlog\rc.command.1.tlog
e:\wang\代码\c语言二维码\libqrencode-master\lpng1615\projects\vstudio\libpng\debug\libpng.tlog\rc.read.1.tlog
e:\wang\代码\c语言二维码\libqrencode-master\lpng1615\projects\vstudio\libpng\debug\libpng.tlog\rc.write.1.tlog
