生成启动时间为 2016-08-13 13:26:30。
     1>项目“e:\wang\代码\c语言二维码\libqrencode-master\lpng1615\projects\vstudio\pngunknown\pngunknown.vcxproj”在节点 5 上(Build 个目标)。
     1>ClCompile:
         D:\visulstudio2015enterprise\VC\bin\CL.exe /c /I"..\..\..\..\zlib-1.2.8" /I..\..\..\scripts /Zi /nologo /W4 /WX /Od /Oi /Oy- /D WIN32 /D _DEBUG /D _CONSOLE /D PNG_USE_DLL /D _UNICODE /D UNICODE /GF /Gm- /EHsc /RTC1 /MDd /GS /Gy- /fp:precise /fp:except- /Zc:wchar_t /Zc:forScope /Zc:inline /Fo"Debug\\" /Fd"Debug\vc140.pdb" /FR"Debug\\" /Gd /TC /wd4996 /wd4127 /analyze- /errorReport:prompt ..\..\..\contrib\libtests\pngunknown.c
         pngunknown.c
       Link:
         D:\visulstudio2015enterprise\VC\bin\link.exe /ERRORREPORT:PROMPT /OUT:"E:\wang\代码\c语言二维码\libqrencode-master\lpng1615\projects\vstudio\Debug\pngunknown.exe" /INCREMENTAL:NO /NOLOGO /LIBPATH:"E:\wang\代码\c语言二维码\libqrencode-master\lpng1615\projects\vstudio\Debug\\" libpng16.lib /MANIFEST /MANIFESTUAC:"level='asInvoker' uiAccess='false'" /manifest:embed /Debug /PDB:"E:\wang\代码\c语言二维码\libqrencode-master\lpng1615\projects\vstudio\Debug\pngunknown.pdb" /SUBSYSTEM:CONSOLE /TLBID:1 /DYNAMICBASE /NXCOMPAT /IMPLIB:"E:\wang\代码\c语言二维码\libqrencode-master\lpng1615\projects\vstudio\Debug\pngunknown.lib" /MACHINE:X86 /SAFESEH Debug\pngunknown.obj
         pngunknown.vcxproj -> E:\wang\代码\c语言二维码\libqrencode-master\lpng1615\projects\vstudio\Debug\pngunknown.exe
       BscMake:
         D:\visulstudio2015enterprise\VC\bin\bscmake.exe /nologo /o"E:\wang\代码\c语言二维码\libqrencode-master\lpng1615\projects\vstudio\Debug\pngunknown.bsc" Debug\pngunknown.sbr
       CustomBuildStep:
         "E:\wang\代码\c语言二维码\libqrencode-master\lpng1615\projects\vstudio\Debug\pngunknown.exe" --strict --default --touch "Debug\pngunknown.out" ../../../pngtest.png
         :VCEnd
         PASS: E:\wang\代码\c语言二维码\libqrencode-master\lpng1615\projects\vstudio\Debug\pngunknown.exe discard
         PASS: E:\wang\代码\c语言二维码\libqrencode-master\lpng1615\projects\vstudio\Debug\pngunknown.exe save
         PASS: E:\wang\代码\c语言二维码\libqrencode-master\lpng1615\projects\vstudio\Debug\pngunknown.exe if-safe
         PASS: E:\wang\代码\c语言二维码\libqrencode-master\lpng1615\projects\vstudio\Debug\pngunknown.exe vpAg
         PASS: E:\wang\代码\c语言二维码\libqrencode-master\lpng1615\projects\vstudio\Debug\pngunknown.exe sTER
         PASS: E:\wang\代码\c语言二维码\libqrencode-master\lpng1615\projects\vstudio\Debug\pngunknown.exe IDAT
         PASS: E:\wang\代码\c语言二维码\libqrencode-master\lpng1615\projects\vstudio\Debug\pngunknown.exe sAPI
     1>已完成生成项目“e:\wang\代码\c语言二维码\libqrencode-master\lpng1615\projects\vstudio\pngunknown\pngunknown.vcxproj”(Build 个目标)的操作。

已成功生成。

已用时间 00:00:00.67
