e:\wang\代码\c语言二维码\libqrencode-master\debug\vc140.pdb
e:\wang\代码\c语言二维码\libqrencode-master\debug\vc140.idb
e:\wang\代码\c语言二维码\libqrencode-master\debug\bitstream.obj
e:\wang\代码\c语言二维码\libqrencode-master\debug\mask.obj
e:\wang\代码\c语言二维码\libqrencode-master\debug\mmask.obj
e:\wang\代码\c语言二维码\libqrencode-master\debug\mqrspec.obj
e:\wang\代码\c语言二维码\libqrencode-master\debug\qrencode.obj
e:\wang\代码\c语言二维码\libqrencode-master\debug\qrinput.obj
e:\wang\代码\c语言二维码\libqrencode-master\debug\qrspec.obj
e:\wang\代码\c语言二维码\libqrencode-master\debug\rsecc.obj
e:\wang\代码\c语言二维码\libqrencode-master\debug\split.obj
e:\wang\代码\c语言二维码\libqrencode-master\debug\test.obj
e:\wang\代码\c语言二维码\libqrencode-master\debug\libqrencode.ilk
e:\wang\代码\c语言二维码\libqrencode-master\debug\libqrencode.exe
e:\wang\代码\c语言二维码\libqrencode-master\debug\libqrencode.pdb
e:\wang\代码\c语言二维码\libqrencode-master\debug\libqrencode.tlog\cl.command.1.tlog
e:\wang\代码\c语言二维码\libqrencode-master\debug\libqrencode.tlog\cl.read.1.tlog
e:\wang\代码\c语言二维码\libqrencode-master\debug\libqrencode.tlog\cl.write.1.tlog
e:\wang\代码\c语言二维码\libqrencode-master\debug\libqrencode.tlog\link.command.1.tlog
e:\wang\代码\c语言二维码\libqrencode-master\debug\libqrencode.tlog\link.read.1.tlog
e:\wang\代码\c语言二维码\libqrencode-master\debug\libqrencode.tlog\link.write.1.tlog
